{"/Users/saswati_kar/Desktop/Deb/System-design-practice/System-Design-Practice/chapter-1-minigram/stage-2/server.js": {"path":"/Users/saswati_kar/Desktop/Deb/System-design-practice/System-Design-Practice/chapter-1-minigram/stage-2/server.js","statementMap":{"0":{"start":{"line":1,"column":16},"end":{"line":1,"column":34}},"1":{"start":{"line":2,"column":13},"end":{"line":2,"column":33}},"2":{"start":{"line":3,"column":15},"end":{"line":3,"column":32}},"3":{"start":{"line":4,"column":12},"end":{"line":4,"column":35}},"4":{"start":{"line":5,"column":15},"end":{"line":5,"column":32}},"5":{"start":{"line":6,"column":13},"end":{"line":6,"column":28}},"6":{"start":{"line":7,"column":11},"end":{"line":7,"column":24}},"7":{"start":{"line":8,"column":13},"end":{"line":8,"column":28}},"8":{"start":{"line":9,"column":15},"end":{"line":9,"column":32}},"9":{"start":{"line":10,"column":14},"end":{"line":10,"column":30}},"10":{"start":{"line":11,"column":0},"end":{"line":11,"column":27}},"11":{"start":{"line":13,"column":12},"end":{"line":13,"column":21}},"12":{"start":{"line":14,"column":13},"end":{"line":14,"column":37}},"13":{"start":{"line":17,"column":20},"end":{"line":19,"column":2}},"14":{"start":{"line":21,"column":0},"end":{"line":21,"column":65}},"15":{"start":{"line":21,"column":31},"end":{"line":21,"column":63}},"16":{"start":{"line":22,"column":0},"end":{"line":22,"column":66}},"17":{"start":{"line":22,"column":32},"end":{"line":22,"column":64}},"18":{"start":{"line":30,"column":0},"end":{"line":32,"column":3}},"19":{"start":{"line":31,"column":2},"end":{"line":31,"column":45}},"20":{"start":{"line":31,"column":27},"end":{"line":31,"column":45}},"21":{"start":{"line":35,"column":0},"end":{"line":35,"column":16}},"22":{"start":{"line":36,"column":0},"end":{"line":36,"column":24}},"23":{"start":{"line":37,"column":0},"end":{"line":39,"column":4}},"24":{"start":{"line":40,"column":0},"end":{"line":40,"column":47}},"25":{"start":{"line":41,"column":0},"end":{"line":41,"column":34}},"26":{"start":{"line":44,"column":16},"end":{"line":52,"column":1}},"27":{"start":{"line":55,"column":0},"end":{"line":71,"column":3}},"28":{"start":{"line":56,"column":16},"end":{"line":56,"column":26}},"29":{"start":{"line":57,"column":2},"end":{"line":57,"column":21}},"30":{"start":{"line":59,"column":2},"end":{"line":68,"column":5}},"31":{"start":{"line":60,"column":21},"end":{"line":60,"column":39}},"32":{"start":{"line":61,"column":4},"end":{"line":61,"column":41}},"33":{"start":{"line":62,"column":4},"end":{"line":64,"column":5}},"34":{"start":{"line":63,"column":6},"end":{"line":63,"column":36}},"35":{"start":{"line":65,"column":4},"end":{"line":67,"column":5}},"36":{"start":{"line":66,"column":6},"end":{"line":66,"column":23}},"37":{"start":{"line":70,"column":2},"end":{"line":70,"column":9}},"38":{"start":{"line":74,"column":16},"end":{"line":80,"column":2}},"39":{"start":{"line":75,"column":34},"end":{"line":75,"column":54}},"40":{"start":{"line":77,"column":25},"end":{"line":77,"column":75}},"41":{"start":{"line":78,"column":4},"end":{"line":78,"column":84}},"42":{"start":{"line":82,"column":15},"end":{"line":96,"column":2}},"43":{"start":{"line":86,"column":25},"end":{"line":86,"column":43}},"44":{"start":{"line":87,"column":20},"end":{"line":87,"column":84}},"45":{"start":{"line":88,"column":21},"end":{"line":88,"column":53}},"46":{"start":{"line":90,"column":4},"end":{"line":94,"column":5}},"47":{"start":{"line":91,"column":6},"end":{"line":91,"column":28}},"48":{"start":{"line":93,"column":6},"end":{"line":93,"column":52}},"49":{"start":{"line":99,"column":26},"end":{"line":114,"column":1}},"50":{"start":{"line":100,"column":21},"end":{"line":100,"column":49}},"51":{"start":{"line":101,"column":16},"end":{"line":101,"column":54}},"52":{"start":{"line":103,"column":2},"end":{"line":105,"column":3}},"53":{"start":{"line":104,"column":4},"end":{"line":104,"column":68}},"54":{"start":{"line":107,"column":2},"end":{"line":113,"column":5}},"55":{"start":{"line":108,"column":4},"end":{"line":110,"column":5}},"56":{"start":{"line":109,"column":6},"end":{"line":109,"column":62}},"57":{"start":{"line":111,"column":4},"end":{"line":111,"column":20}},"58":{"start":{"line":112,"column":4},"end":{"line":112,"column":11}},"59":{"start":{"line":117,"column":24},"end":{"line":147,"column":1}},"60":{"start":{"line":118,"column":2},"end":{"line":146,"column":4}},"61":{"start":{"line":119,"column":4},"end":{"line":121,"column":5}},"62":{"start":{"line":120,"column":6},"end":{"line":120,"column":20}},"63":{"start":{"line":123,"column":16},"end":{"line":123,"column":90}},"64":{"start":{"line":125,"column":4},"end":{"line":143,"column":5}},"65":{"start":{"line":126,"column":21},"end":{"line":126,"column":47}},"66":{"start":{"line":127,"column":6},"end":{"line":130,"column":7}},"67":{"start":{"line":128,"column":8},"end":{"line":128,"column":28}},"68":{"start":{"line":129,"column":8},"end":{"line":129,"column":44}},"69":{"start":{"line":131,"column":6},"end":{"line":131,"column":28}},"70":{"start":{"line":134,"column":27},"end":{"line":134,"column":45}},"71":{"start":{"line":135,"column":6},"end":{"line":140,"column":8}},"72":{"start":{"line":136,"column":8},"end":{"line":138,"column":9}},"73":{"start":{"line":137,"column":10},"end":{"line":137,"column":80}},"74":{"start":{"line":139,"column":8},"end":{"line":139,"column":34}},"75":{"start":{"line":142,"column":6},"end":{"line":142,"column":41}},"76":{"start":{"line":145,"column":4},"end":{"line":145,"column":11}},"77":{"start":{"line":152,"column":0},"end":{"line":174,"column":3}},"78":{"start":{"line":153,"column":2},"end":{"line":173,"column":3}},"79":{"start":{"line":154,"column":4},"end":{"line":154,"column":33}},"80":{"start":{"line":155,"column":20},"end":{"line":155,"column":38}},"81":{"start":{"line":157,"column":4},"end":{"line":167,"column":7}},"82":{"start":{"line":169,"column":4},"end":{"line":172,"column":7}},"83":{"start":{"line":177,"column":0},"end":{"line":219,"column":3}},"84":{"start":{"line":178,"column":40},"end":{"line":178,"column":48}},"85":{"start":{"line":181,"column":2},"end":{"line":185,"column":3}},"86":{"start":{"line":182,"column":4},"end":{"line":184,"column":7}},"87":{"start":{"line":187,"column":2},"end":{"line":218,"column":3}},"88":{"start":{"line":188,"column":27},"end":{"line":188,"column":58}},"89":{"start":{"line":190,"column":19},"end":{"line":193,"column":5}},"90":{"start":{"line":195,"column":4},"end":{"line":195,"column":24}},"91":{"start":{"line":196,"column":17},"end":{"line":196,"column":31}},"92":{"start":{"line":198,"column":18},"end":{"line":202,"column":5}},"93":{"start":{"line":204,"column":4},"end":{"line":208,"column":7}},"94":{"start":{"line":210,"column":4},"end":{"line":210,"column":21}},"95":{"start":{"line":211,"column":4},"end":{"line":215,"column":5}},"96":{"start":{"line":212,"column":6},"end":{"line":214,"column":9}},"97":{"start":{"line":216,"column":4},"end":{"line":216,"column":48}},"98":{"start":{"line":217,"column":4},"end":{"line":217,"column":52}},"99":{"start":{"line":222,"column":0},"end":{"line":265,"column":3}},"100":{"start":{"line":223,"column":33},"end":{"line":223,"column":41}},"101":{"start":{"line":225,"column":2},"end":{"line":229,"column":3}},"102":{"start":{"line":226,"column":4},"end":{"line":228,"column":7}},"103":{"start":{"line":231,"column":2},"end":{"line":264,"column":3}},"104":{"start":{"line":232,"column":19},"end":{"line":235,"column":5}},"105":{"start":{"line":237,"column":4},"end":{"line":237,"column":24}},"106":{"start":{"line":239,"column":4},"end":{"line":241,"column":5}},"107":{"start":{"line":240,"column":6},"end":{"line":240,"column":68}},"108":{"start":{"line":243,"column":17},"end":{"line":243,"column":31}},"109":{"start":{"line":244,"column":26},"end":{"line":244,"column":71}},"110":{"start":{"line":246,"column":4},"end":{"line":248,"column":5}},"111":{"start":{"line":247,"column":6},"end":{"line":247,"column":68}},"112":{"start":{"line":250,"column":18},"end":{"line":254,"column":5}},"113":{"start":{"line":256,"column":4},"end":{"line":260,"column":7}},"114":{"start":{"line":262,"column":4},"end":{"line":262,"column":41}},"115":{"start":{"line":263,"column":4},"end":{"line":263,"column":52}},"116":{"start":{"line":268,"column":0},"end":{"line":300,"column":3}},"117":{"start":{"line":269,"column":2},"end":{"line":271,"column":3}},"118":{"start":{"line":270,"column":4},"end":{"line":270,"column":64}},"119":{"start":{"line":273,"column":22},"end":{"line":273,"column":30}},"120":{"start":{"line":275,"column":2},"end":{"line":299,"column":3}},"121":{"start":{"line":276,"column":19},"end":{"line":279,"column":5}},"122":{"start":{"line":281,"column":4},"end":{"line":281,"column":24}},"123":{"start":{"line":282,"column":18},"end":{"line":282,"column":32}},"124":{"start":{"line":285,"column":4},"end":{"line":287,"column":5}},"125":{"start":{"line":286,"column":6},"end":{"line":286,"column":53}},"126":{"start":{"line":289,"column":4},"end":{"line":295,"column":7}},"127":{"start":{"line":297,"column":4},"end":{"line":297,"column":48}},"128":{"start":{"line":298,"column":4},"end":{"line":298,"column":60}},"129":{"start":{"line":303,"column":0},"end":{"line":338,"column":3}},"130":{"start":{"line":304,"column":16},"end":{"line":304,"column":47}},"131":{"start":{"line":305,"column":17},"end":{"line":305,"column":48}},"132":{"start":{"line":307,"column":2},"end":{"line":337,"column":3}},"133":{"start":{"line":308,"column":19},"end":{"line":324,"column":36}},"134":{"start":{"line":326,"column":4},"end":{"line":326,"column":24}},"135":{"start":{"line":328,"column":19},"end":{"line":331,"column":7}},"136":{"start":{"line":328,"column":45},"end":{"line":331,"column":5}},"137":{"start":{"line":333,"column":4},"end":{"line":333,"column":21}},"138":{"start":{"line":335,"column":4},"end":{"line":335,"column":40}},"139":{"start":{"line":336,"column":4},"end":{"line":336,"column":60}},"140":{"start":{"line":341,"column":0},"end":{"line":366,"column":3}},"141":{"start":{"line":342,"column":18},"end":{"line":342,"column":41}},"142":{"start":{"line":344,"column":2},"end":{"line":346,"column":3}},"143":{"start":{"line":345,"column":4},"end":{"line":345,"column":63}},"144":{"start":{"line":348,"column":2},"end":{"line":365,"column":3}},"145":{"start":{"line":349,"column":4},"end":{"line":352,"column":6}},"146":{"start":{"line":354,"column":4},"end":{"line":354,"column":24}},"147":{"start":{"line":357,"column":4},"end":{"line":359,"column":5}},"148":{"start":{"line":358,"column":6},"end":{"line":358,"column":53}},"149":{"start":{"line":361,"column":4},"end":{"line":361,"column":32}},"150":{"start":{"line":363,"column":4},"end":{"line":363,"column":40}},"151":{"start":{"line":364,"column":4},"end":{"line":364,"column":60}},"152":{"start":{"line":369,"column":0},"end":{"line":394,"column":3}},"153":{"start":{"line":370,"column":18},"end":{"line":370,"column":41}},"154":{"start":{"line":372,"column":2},"end":{"line":374,"column":3}},"155":{"start":{"line":373,"column":4},"end":{"line":373,"column":63}},"156":{"start":{"line":376,"column":2},"end":{"line":393,"column":3}},"157":{"start":{"line":377,"column":4},"end":{"line":380,"column":6}},"158":{"start":{"line":382,"column":4},"end":{"line":382,"column":24}},"159":{"start":{"line":385,"column":4},"end":{"line":387,"column":5}},"160":{"start":{"line":386,"column":6},"end":{"line":386,"column":53}},"161":{"start":{"line":389,"column":4},"end":{"line":389,"column":32}},"162":{"start":{"line":391,"column":4},"end":{"line":391,"column":42}},"163":{"start":{"line":392,"column":4},"end":{"line":392,"column":62}},"164":{"start":{"line":397,"column":0},"end":{"line":429,"column":3}},"165":{"start":{"line":398,"column":17},"end":{"line":398,"column":47}},"166":{"start":{"line":399,"column":26},"end":{"line":401,"column":7}},"167":{"start":{"line":400,"column":45},"end":{"line":400,"column":50}},"168":{"start":{"line":403,"column":2},"end":{"line":428,"column":5}},"169":{"start":{"line":432,"column":0},"end":{"line":439,"column":3}},"170":{"start":{"line":433,"column":2},"end":{"line":433,"column":37}},"171":{"start":{"line":434,"column":2},"end":{"line":434,"column":19}},"172":{"start":{"line":435,"column":2},"end":{"line":438,"column":5}},"173":{"start":{"line":442,"column":0},"end":{"line":444,"column":3}},"174":{"start":{"line":443,"column":2},"end":{"line":443,"column":47}},"175":{"start":{"line":448,"column":2},"end":{"line":495,"column":3}},"176":{"start":{"line":450,"column":4},"end":{"line":452,"column":5}},"177":{"start":{"line":451,"column":6},"end":{"line":451,"column":34}},"178":{"start":{"line":454,"column":4},"end":{"line":454,"column":33}},"179":{"start":{"line":455,"column":4},"end":{"line":455,"column":42}},"180":{"start":{"line":457,"column":19},"end":{"line":477,"column":6}},"181":{"start":{"line":458,"column":6},"end":{"line":476,"column":9}},"182":{"start":{"line":480,"column":4},"end":{"line":480,"column":36}},"183":{"start":{"line":481,"column":4},"end":{"line":481,"column":35}},"184":{"start":{"line":484,"column":6},"end":{"line":484,"column":54}},"185":{"start":{"line":485,"column":6},"end":{"line":490,"column":9}},"186":{"start":{"line":486,"column":8},"end":{"line":486,"column":25}},"187":{"start":{"line":487,"column":8},"end":{"line":487,"column":33}},"188":{"start":{"line":488,"column":8},"end":{"line":488,"column":48}},"189":{"start":{"line":489,"column":8},"end":{"line":489,"column":24}},"190":{"start":{"line":493,"column":4},"end":{"line":493,"column":52}},"191":{"start":{"line":494,"column":4},"end":{"line":494,"column":20}},"192":{"start":{"line":499,"column":0},"end":{"line":499,"column":21}},"193":{"start":{"line":502,"column":0},"end":{"line":504,"column":1}},"194":{"start":{"line":503,"column":2},"end":{"line":503,"column":10}}},"fnMap":{"0":{"name":"(anonymous_0)","decl":{"start":{"line":21,"column":24},"end":{"line":21,"column":25}},"loc":{"start":{"line":21,"column":31},"end":{"line":21,"column":63}},"line":21},"1":{"name":"(anonymous_1)","decl":{"start":{"line":22,"column":26},"end":{"line":22,"column":27}},"loc":{"start":{"line":22,"column":32},"end":{"line":22,"column":64}},"line":22},"2":{"name":"(anonymous_2)","decl":{"start":{"line":30,"column":28},"end":{"line":30,"column":29}},"loc":{"start":{"line":30,"column":35},"end":{"line":32,"column":1}},"line":30},"3":{"name":"(anonymous_3)","decl":{"start":{"line":55,"column":8},"end":{"line":55,"column":9}},"loc":{"start":{"line":55,"column":28},"end":{"line":71,"column":1}},"line":55},"4":{"name":"(anonymous_4)","decl":{"start":{"line":59,"column":19},"end":{"line":59,"column":20}},"loc":{"start":{"line":59,"column":25},"end":{"line":68,"column":3}},"line":59},"5":{"name":"(anonymous_5)","decl":{"start":{"line":75,"column":15},"end":{"line":75,"column":16}},"loc":{"start":{"line":75,"column":34},"end":{"line":75,"column":54}},"line":75},"6":{"name":"(anonymous_6)","decl":{"start":{"line":76,"column":12},"end":{"line":76,"column":13}},"loc":{"start":{"line":76,"column":31},"end":{"line":79,"column":3}},"line":76},"7":{"name":"(anonymous_7)","decl":{"start":{"line":85,"column":14},"end":{"line":85,"column":15}},"loc":{"start":{"line":85,"column":33},"end":{"line":95,"column":3}},"line":85},"8":{"name":"(anonymous_8)","decl":{"start":{"line":99,"column":26},"end":{"line":99,"column":27}},"loc":{"start":{"line":99,"column":46},"end":{"line":114,"column":1}},"line":99},"9":{"name":"(anonymous_9)","decl":{"start":{"line":107,"column":44},"end":{"line":107,"column":45}},"loc":{"start":{"line":107,"column":59},"end":{"line":113,"column":3}},"line":107},"10":{"name":"(anonymous_10)","decl":{"start":{"line":117,"column":24},"end":{"line":117,"column":25}},"loc":{"start":{"line":117,"column":39},"end":{"line":147,"column":1}},"line":117},"11":{"name":"(anonymous_11)","decl":{"start":{"line":118,"column":9},"end":{"line":118,"column":10}},"loc":{"start":{"line":118,"column":35},"end":{"line":146,"column":3}},"line":118},"12":{"name":"(anonymous_12)","decl":{"start":{"line":135,"column":17},"end":{"line":135,"column":18}},"loc":{"start":{"line":135,"column":27},"end":{"line":140,"column":7}},"line":135},"13":{"name":"(anonymous_13)","decl":{"start":{"line":152,"column":19},"end":{"line":152,"column":20}},"loc":{"start":{"line":152,"column":39},"end":{"line":174,"column":1}},"line":152},"14":{"name":"(anonymous_14)","decl":{"start":{"line":177,"column":26},"end":{"line":177,"column":27}},"loc":{"start":{"line":177,"column":46},"end":{"line":219,"column":1}},"line":177},"15":{"name":"(anonymous_15)","decl":{"start":{"line":222,"column":23},"end":{"line":222,"column":24}},"loc":{"start":{"line":222,"column":43},"end":{"line":265,"column":1}},"line":222},"16":{"name":"(anonymous_16)","decl":{"start":{"line":268,"column":67},"end":{"line":268,"column":68}},"loc":{"start":{"line":268,"column":87},"end":{"line":300,"column":1}},"line":268},"17":{"name":"(anonymous_17)","decl":{"start":{"line":303,"column":65},"end":{"line":303,"column":66}},"loc":{"start":{"line":303,"column":85},"end":{"line":338,"column":1}},"line":303},"18":{"name":"(anonymous_18)","decl":{"start":{"line":328,"column":35},"end":{"line":328,"column":36}},"loc":{"start":{"line":328,"column":45},"end":{"line":331,"column":5}},"line":328},"19":{"name":"(anonymous_19)","decl":{"start":{"line":341,"column":52},"end":{"line":341,"column":53}},"loc":{"start":{"line":341,"column":72},"end":{"line":366,"column":1}},"line":341},"20":{"name":"(anonymous_20)","decl":{"start":{"line":369,"column":54},"end":{"line":369,"column":55}},"loc":{"start":{"line":369,"column":74},"end":{"line":394,"column":1}},"line":369},"21":{"name":"(anonymous_21)","decl":{"start":{"line":397,"column":24},"end":{"line":397,"column":25}},"loc":{"start":{"line":397,"column":38},"end":{"line":429,"column":1}},"line":397},"22":{"name":"(anonymous_22)","decl":{"start":{"line":400,"column":35},"end":{"line":400,"column":36}},"loc":{"start":{"line":400,"column":45},"end":{"line":400,"column":50}},"line":400},"23":{"name":"(anonymous_23)","decl":{"start":{"line":432,"column":8},"end":{"line":432,"column":9}},"loc":{"start":{"line":432,"column":33},"end":{"line":439,"column":1}},"line":432},"24":{"name":"(anonymous_24)","decl":{"start":{"line":442,"column":8},"end":{"line":442,"column":9}},"loc":{"start":{"line":442,"column":22},"end":{"line":444,"column":1}},"line":442},"25":{"name":"start","decl":{"start":{"line":447,"column":15},"end":{"line":447,"column":20}},"loc":{"start":{"line":447,"column":23},"end":{"line":496,"column":1}},"line":447},"26":{"name":"(anonymous_26)","decl":{"start":{"line":457,"column":36},"end":{"line":457,"column":37}},"loc":{"start":{"line":457,"column":42},"end":{"line":477,"column":5}},"line":457},"27":{"name":"shutdown","decl":{"start":{"line":483,"column":19},"end":{"line":483,"column":27}},"loc":{"start":{"line":483,"column":30},"end":{"line":491,"column":5}},"line":483},"28":{"name":"(anonymous_28)","decl":{"start":{"line":485,"column":19},"end":{"line":485,"column":20}},"loc":{"start":{"line":485,"column":31},"end":{"line":490,"column":7}},"line":485}},"branchMap":{"0":{"loc":{"start":{"line":14,"column":13},"end":{"line":14,"column":37}},"type":"binary-expr","locations":[{"start":{"line":14,"column":13},"end":{"line":14,"column":29}},{"start":{"line":14,"column":33},"end":{"line":14,"column":37}}],"line":14},"1":{"loc":{"start":{"line":31,"column":2},"end":{"line":31,"column":45}},"type":"if","locations":[{"start":{"line":31,"column":2},"end":{"line":31,"column":45}},{"start":{},"end":{}}],"line":31},"2":{"loc":{"start":{"line":62,"column":4},"end":{"line":64,"column":5}},"type":"if","locations":[{"start":{"line":62,"column":4},"end":{"line":64,"column":5}},{"start":{},"end":{}}],"line":62},"3":{"loc":{"start":{"line":65,"column":4},"end":{"line":67,"column":5}},"type":"if","locations":[{"start":{"line":65,"column":4},"end":{"line":67,"column":5}},{"start":{},"end":{}}],"line":65},"4":{"loc":{"start":{"line":90,"column":4},"end":{"line":94,"column":5}},"type":"if","locations":[{"start":{"line":90,"column":4},"end":{"line":94,"column":5}},{"start":{"line":92,"column":11},"end":{"line":94,"column":5}}],"line":90},"5":{"loc":{"start":{"line":90,"column":8},"end":{"line":90,"column":27}},"type":"binary-expr","locations":[{"start":{"line":90,"column":8},"end":{"line":90,"column":16}},{"start":{"line":90,"column":20},"end":{"line":90,"column":27}}],"line":90},"6":{"loc":{"start":{"line":101,"column":16},"end":{"line":101,"column":54}},"type":"binary-expr","locations":[{"start":{"line":101,"column":16},"end":{"line":101,"column":26}},{"start":{"line":101,"column":30},"end":{"line":101,"column":54}}],"line":101},"7":{"loc":{"start":{"line":103,"column":2},"end":{"line":105,"column":3}},"type":"if","locations":[{"start":{"line":103,"column":2},"end":{"line":105,"column":3}},{"start":{},"end":{}}],"line":103},"8":{"loc":{"start":{"line":108,"column":4},"end":{"line":110,"column":5}},"type":"if","locations":[{"start":{"line":108,"column":4},"end":{"line":110,"column":5}},{"start":{},"end":{}}],"line":108},"9":{"loc":{"start":{"line":119,"column":4},"end":{"line":121,"column":5}},"type":"if","locations":[{"start":{"line":119,"column":4},"end":{"line":121,"column":5}},{"start":{},"end":{}}],"line":119},"10":{"loc":{"start":{"line":123,"column":32},"end":{"line":123,"column":59}},"type":"binary-expr","locations":[{"start":{"line":123,"column":32},"end":{"line":123,"column":44}},{"start":{"line":123,"column":48},"end":{"line":123,"column":59}}],"line":123},"11":{"loc":{"start":{"line":127,"column":6},"end":{"line":130,"column":7}},"type":"if","locations":[{"start":{"line":127,"column":6},"end":{"line":130,"column":7}},{"start":{},"end":{}}],"line":127},"12":{"loc":{"start":{"line":136,"column":8},"end":{"line":138,"column":9}},"type":"if","locations":[{"start":{"line":136,"column":8},"end":{"line":138,"column":9}},{"start":{},"end":{}}],"line":136},"13":{"loc":{"start":{"line":160,"column":13},"end":{"line":160,"column":51}},"type":"cond-expr","locations":[{"start":{"line":160,"column":23},"end":{"line":160,"column":34}},{"start":{"line":160,"column":37},"end":{"line":160,"column":51}}],"line":160},"14":{"loc":{"start":{"line":181,"column":2},"end":{"line":185,"column":3}},"type":"if","locations":[{"start":{"line":181,"column":2},"end":{"line":185,"column":3}},{"start":{},"end":{}}],"line":181},"15":{"loc":{"start":{"line":181,"column":6},"end":{"line":181,"column":38}},"type":"binary-expr","locations":[{"start":{"line":181,"column":6},"end":{"line":181,"column":15}},{"start":{"line":181,"column":19},"end":{"line":181,"column":25}},{"start":{"line":181,"column":29},"end":{"line":181,"column":38}}],"line":181},"16":{"loc":{"start":{"line":211,"column":4},"end":{"line":215,"column":5}},"type":"if","locations":[{"start":{"line":211,"column":4},"end":{"line":215,"column":5}},{"start":{},"end":{}}],"line":211},"17":{"loc":{"start":{"line":225,"column":2},"end":{"line":229,"column":3}},"type":"if","locations":[{"start":{"line":225,"column":2},"end":{"line":229,"column":3}},{"start":{},"end":{}}],"line":225},"18":{"loc":{"start":{"line":225,"column":6},"end":{"line":225,"column":28}},"type":"binary-expr","locations":[{"start":{"line":225,"column":6},"end":{"line":225,"column":15}},{"start":{"line":225,"column":19},"end":{"line":225,"column":28}}],"line":225},"19":{"loc":{"start":{"line":239,"column":4},"end":{"line":241,"column":5}},"type":"if","locations":[{"start":{"line":239,"column":4},"end":{"line":241,"column":5}},{"start":{},"end":{}}],"line":239},"20":{"loc":{"start":{"line":246,"column":4},"end":{"line":248,"column":5}},"type":"if","locations":[{"start":{"line":246,"column":4},"end":{"line":248,"column":5}},{"start":{},"end":{}}],"line":246},"21":{"loc":{"start":{"line":269,"column":2},"end":{"line":271,"column":3}},"type":"if","locations":[{"start":{"line":269,"column":2},"end":{"line":271,"column":3}},{"start":{},"end":{}}],"line":269},"22":{"loc":{"start":{"line":278,"column":39},"end":{"line":278,"column":52}},"type":"binary-expr","locations":[{"start":{"line":278,"column":39},"end":{"line":278,"column":46}},{"start":{"line":278,"column":50},"end":{"line":278,"column":52}}],"line":278},"23":{"loc":{"start":{"line":285,"column":4},"end":{"line":287,"column":5}},"type":"if","locations":[{"start":{"line":285,"column":4},"end":{"line":287,"column":5}},{"start":{},"end":{}}],"line":285},"24":{"loc":{"start":{"line":304,"column":16},"end":{"line":304,"column":47}},"type":"binary-expr","locations":[{"start":{"line":304,"column":16},"end":{"line":304,"column":41}},{"start":{"line":304,"column":45},"end":{"line":304,"column":47}}],"line":304},"25":{"loc":{"start":{"line":305,"column":17},"end":{"line":305,"column":48}},"type":"binary-expr","locations":[{"start":{"line":305,"column":17},"end":{"line":305,"column":43}},{"start":{"line":305,"column":47},"end":{"line":305,"column":48}}],"line":305},"26":{"loc":{"start":{"line":344,"column":2},"end":{"line":346,"column":3}},"type":"if","locations":[{"start":{"line":344,"column":2},"end":{"line":346,"column":3}},{"start":{},"end":{}}],"line":344},"27":{"loc":{"start":{"line":344,"column":6},"end":{"line":344,"column":32}},"type":"binary-expr","locations":[{"start":{"line":344,"column":6},"end":{"line":344,"column":14}},{"start":{"line":344,"column":18},"end":{"line":344,"column":32}}],"line":344},"28":{"loc":{"start":{"line":357,"column":4},"end":{"line":359,"column":5}},"type":"if","locations":[{"start":{"line":357,"column":4},"end":{"line":359,"column":5}},{"start":{},"end":{}}],"line":357},"29":{"loc":{"start":{"line":372,"column":2},"end":{"line":374,"column":3}},"type":"if","locations":[{"start":{"line":372,"column":2},"end":{"line":374,"column":3}},{"start":{},"end":{}}],"line":372},"30":{"loc":{"start":{"line":372,"column":6},"end":{"line":372,"column":32}},"type":"binary-expr","locations":[{"start":{"line":372,"column":6},"end":{"line":372,"column":14}},{"start":{"line":372,"column":18},"end":{"line":372,"column":32}}],"line":372},"31":{"loc":{"start":{"line":385,"column":4},"end":{"line":387,"column":5}},"type":"if","locations":[{"start":{"line":385,"column":4},"end":{"line":387,"column":5}},{"start":{},"end":{}}],"line":385},"32":{"loc":{"start":{"line":399,"column":26},"end":{"line":401,"column":7}},"type":"cond-expr","locations":[{"start":{"line":400,"column":6},"end":{"line":400,"column":85}},{"start":{"line":401,"column":6},"end":{"line":401,"column":7}}],"line":399},"33":{"loc":{"start":{"line":409,"column":15},"end":{"line":411,"column":12}},"type":"cond-expr","locations":[{"start":{"line":410,"column":8},"end":{"line":410,"column":68}},{"start":{"line":411,"column":8},"end":{"line":411,"column":12}}],"line":409},"34":{"loc":{"start":{"line":418,"column":15},"end":{"line":420,"column":14}},"type":"cond-expr","locations":[{"start":{"line":419,"column":10},"end":{"line":419,"column":98}},{"start":{"line":420,"column":10},"end":{"line":420,"column":14}}],"line":418},"35":{"loc":{"start":{"line":437,"column":13},"end":{"line":437,"column":77}},"type":"cond-expr","locations":[{"start":{"line":437,"column":54},"end":{"line":437,"column":65}},{"start":{"line":437,"column":68},"end":{"line":437,"column":77}}],"line":437},"36":{"loc":{"start":{"line":450,"column":4},"end":{"line":452,"column":5}},"type":"if","locations":[{"start":{"line":450,"column":4},"end":{"line":452,"column":5}},{"start":{},"end":{}}],"line":450},"37":{"loc":{"start":{"line":502,"column":0},"end":{"line":504,"column":1}},"type":"if","locations":[{"start":{"line":502,"column":0},"end":{"line":504,"column":1}},{"start":{},"end":{}}],"line":502}},"s":{"0":1,"1":1,"2":1,"3":1,"4":1,"5":1,"6":1,"7":1,"8":1,"9":1,"10":1,"11":1,"12":1,"13":1,"14":1,"15":0,"16":1,"17":0,"18":1,"19":2,"20":0,"21":1,"22":1,"23":1,"24":1,"25":1,"26":1,"27":1,"28":92,"29":92,"30":92,"31":92,"32":92,"33":92,"34":0,"35":92,"36":4,"37":92,"38":1,"39":0,"40":0,"41":0,"42":1,"43":0,"44":0,"45":0,"46":0,"47":0,"48":0,"49":1,"50":54,"51":54,"52":54,"53":1,"54":53,"55":53,"56":0,"57":53,"58":53,"59":1,"60":1,"61":53,"62":53,"63":0,"64":0,"65":0,"66":0,"67":0,"68":0,"69":0,"70":0,"71":0,"72":0,"73":0,"74":0,"75":0,"76":0,"77":1,"78":3,"79":3,"80":3,"81":3,"82":0,"83":1,"84":31,"85":31,"86":1,"87":30,"88":30,"89":30,"90":29,"91":29,"92":29,"93":29,"94":1,"95":1,"96":1,"97":0,"98":0,"99":1,"100":2,"101":2,"102":0,"103":2,"104":2,"105":2,"106":2,"107":0,"108":2,"109":2,"110":2,"111":1,"112":1,"113":1,"114":0,"115":0,"116":1,"117":0,"118":0,"119":0,"120":0,"121":0,"122":0,"123":0,"124":0,"125":0,"126":0,"127":0,"128":0,"129":1,"130":53,"131":53,"132":53,"133":53,"134":53,"135":53,"136":0,"137":53,"138":0,"139":0,"140":1,"141":0,"142":0,"143":0,"144":0,"145":0,"146":0,"147":0,"148":0,"149":0,"150":0,"151":0,"152":1,"153":0,"154":0,"155":0,"156":0,"157":0,"158":0,"159":0,"160":0,"161":0,"162":0,"163":0,"164":1,"165":2,"166":2,"167":107,"168":2,"169":1,"170":0,"171":0,"172":0,"173":1,"174":0,"175":0,"176":0,"177":0,"178":0,"179":0,"180":0,"181":0,"182":0,"183":0,"184":0,"185":0,"186":0,"187":0,"188":0,"189":0,"190":0,"191":0,"192":1,"193":1,"194":0},"f":{"0":0,"1":0,"2":2,"3":92,"4":92,"5":0,"6":0,"7":0,"8":54,"9":53,"10":1,"11":53,"12":0,"13":3,"14":31,"15":2,"16":0,"17":53,"18":0,"19":0,"20":0,"21":2,"22":107,"23":0,"24":0,"25":0,"26":0,"27":0,"28":0},"b":{"0":[1,0],"1":[0,2],"2":[0,92],"3":[4,88],"4":[0,0],"5":[0,0],"6":[54,53],"7":[1,53],"8":[0,53],"9":[53,0],"10":[0,0],"11":[0,0],"12":[0,0],"13":[0,3],"14":[1,30],"15":[31,31,30],"16":[1,0],"17":[0,2],"18":[2,2],"19":[0,2],"20":[1,1],"21":[0,0],"22":[0,0],"23":[0,0],"24":[53,53],"25":[53,53],"26":[0,0],"27":[0,0],"28":[0,0],"29":[0,0],"30":[0,0],"31":[0,0],"32":[2,0],"33":[2,0],"34":[0,2],"35":[0,0],"36":[0,0],"37":[0,1]},"_coverageSchema":"1a1c01bbd47fc00a2c39e90264f33305004495a9","hash":"eed8e3486d6d8788e01a01e4c73471a12e1a0aaf"}
,"/Users/saswati_kar/Desktop/Deb/System-design-practice/System-Design-Practice/chapter-1-minigram/stage-2/db/pool.js": {"path":"/Users/saswati_kar/Desktop/Deb/System-design-practice/System-Design-Practice/chapter-1-minigram/stage-2/db/pool.js","statementMap":{"0":{"start":{"line":1,"column":17},"end":{"line":1,"column":30}},"1":{"start":{"line":2,"column":0},"end":{"line":2,"column":27}},"2":{"start":{"line":5,"column":13},"end":{"line":15,"column":2}},"3":{"start":{"line":18,"column":0},"end":{"line":20,"column":3}},"4":{"start":{"line":19,"column":2},"end":{"line":19,"column":46}},"5":{"start":{"line":22,"column":0},"end":{"line":24,"column":3}},"6":{"start":{"line":23,"column":2},"end":{"line":23,"column":47}},"7":{"start":{"line":26,"column":0},"end":{"line":26,"column":22}}},"fnMap":{"0":{"name":"(anonymous_0)","decl":{"start":{"line":18,"column":19},"end":{"line":18,"column":20}},"loc":{"start":{"line":18,"column":25},"end":{"line":20,"column":1}},"line":18},"1":{"name":"(anonymous_1)","decl":{"start":{"line":22,"column":17},"end":{"line":22,"column":18}},"loc":{"start":{"line":22,"column":26},"end":{"line":24,"column":1}},"line":22}},"branchMap":{"0":{"loc":{"start":{"line":11,"column":7},"end":{"line":11,"column":45}},"type":"binary-expr","locations":[{"start":{"line":11,"column":7},"end":{"line":11,"column":40}},{"start":{"line":11,"column":44},"end":{"line":11,"column":45}}],"line":11},"1":{"loc":{"start":{"line":12,"column":7},"end":{"line":12,"column":47}},"type":"binary-expr","locations":[{"start":{"line":12,"column":7},"end":{"line":12,"column":40}},{"start":{"line":12,"column":44},"end":{"line":12,"column":47}}],"line":12}},"s":{"0":1,"1":1,"2":1,"3":1,"4":6,"5":1,"6":0,"7":1},"f":{"0":6,"1":0},"b":{"0":[1,0],"1":[1,0]},"_coverageSchema":"1a1c01bbd47fc00a2c39e90264f33305004495a9","hash":"1705d811fa7b69c6a4023bdd06114d0d03ed38f8"}
,"/Users/saswati_kar/Desktop/Deb/System-design-practice/System-Design-Practice/chapter-1-minigram/stage-2/scripts/init-db.js": {"path":"/Users/saswati_kar/Desktop/Deb/System-design-practice/System-Design-Practice/chapter-1-minigram/stage-2/scripts/init-db.js","statementMap":{"0":{"start":{"line":1,"column":17},"end":{"line":1,"column":30}},"1":{"start":{"line":2,"column":0},"end":{"line":2,"column":27}},"2":{"start":{"line":6,"column":20},"end":{"line":12,"column":4}},"3":{"start":{"line":14,"column":2},"end":{"line":28,"column":3}},"4":{"start":{"line":16,"column":4},"end":{"line":19,"column":7}},"5":{"start":{"line":21,"column":4},"end":{"line":21,"column":59}},"6":{"start":{"line":23,"column":4},"end":{"line":25,"column":5}},"7":{"start":{"line":24,"column":6},"end":{"line":24,"column":16}},"8":{"start":{"line":27,"column":4},"end":{"line":27,"column":26}},"9":{"start":{"line":31,"column":15},"end":{"line":37,"column":4}},"10":{"start":{"line":39,"column":2},"end":{"line":39,"column":48}},"11":{"start":{"line":41,"column":17},"end":{"line":100,"column":3}},"12":{"start":{"line":102,"column":2},"end":{"line":110,"column":3}},"13":{"start":{"line":103,"column":4},"end":{"line":103,"column":29}},"14":{"start":{"line":104,"column":4},"end":{"line":104,"column":59}},"15":{"start":{"line":106,"column":4},"end":{"line":106,"column":62}},"16":{"start":{"line":107,"column":4},"end":{"line":107,"column":20}},"17":{"start":{"line":109,"column":4},"end":{"line":109,"column":21}},"18":{"start":{"line":113,"column":0},"end":{"line":113,"column":36}}},"fnMap":{"0":{"name":"initDatabase","decl":{"start":{"line":4,"column":15},"end":{"line":4,"column":27}},"loc":{"start":{"line":4,"column":30},"end":{"line":111,"column":1}},"line":4}},"branchMap":{"0":{"loc":{"start":{"line":23,"column":4},"end":{"line":25,"column":5}},"type":"if","locations":[{"start":{"line":23,"column":4},"end":{"line":25,"column":5}},{"start":{},"end":{}}],"line":23}},"s":{"0":0,"1":0,"2":0,"3":0,"4":0,"5":0,"6":0,"7":0,"8":0,"9":0,"10":0,"11":0,"12":0,"13":0,"14":0,"15":0,"16":0,"17":0,"18":0},"f":{"0":0},"b":{"0":[0,0]}}
,"/Users/saswati_kar/Desktop/Deb/System-design-practice/System-Design-Practice/chapter-1-minigram/stage-2/scripts/seed-db.js": {"path":"/Users/saswati_kar/Desktop/Deb/System-design-practice/System-Design-Practice/chapter-1-minigram/stage-2/scripts/seed-db.js","statementMap":{"0":{"start":{"line":1,"column":17},"end":{"line":1,"column":30}},"1":{"start":{"line":2,"column":15},"end":{"line":2,"column":32}},"2":{"start":{"line":3,"column":11},"end":{"line":3,"column":24}},"3":{"start":{"line":4,"column":13},"end":{"line":4,"column":28}},"4":{"start":{"line":5,"column":0},"end":{"line":5,"column":27}},"5":{"start":{"line":7,"column":13},"end":{"line":13,"column":2}},"6":{"start":{"line":16,"column":2},"end":{"line":16,"column":51}},"7":{"start":{"line":18,"column":2},"end":{"line":106,"column":3}},"8":{"start":{"line":20,"column":4},"end":{"line":20,"column":88}},"9":{"start":{"line":23,"column":18},"end":{"line":23,"column":20}},"10":{"start":{"line":24,"column":4},"end":{"line":32,"column":5}},"11":{"start":{"line":24,"column":17},"end":{"line":24,"column":18}},"12":{"start":{"line":25,"column":29},"end":{"line":25,"column":65}},"13":{"start":{"line":26,"column":21},"end":{"line":29,"column":7}},"14":{"start":{"line":30,"column":6},"end":{"line":30,"column":33}},"15":{"start":{"line":31,"column":6},"end":{"line":31,"column":64}},"16":{"start":{"line":35,"column":4},"end":{"line":37,"column":5}},"17":{"start":{"line":36,"column":6},"end":{"line":36,"column":30}},"18":{"start":{"line":40,"column":24},"end":{"line":43,"column":5}},"19":{"start":{"line":45,"column":4},"end":{"line":57,"column":5}},"20":{"start":{"line":46,"column":6},"end":{"line":56,"column":7}},"21":{"start":{"line":46,"column":19},"end":{"line":46,"column":20}},"22":{"start":{"line":47,"column":25},"end":{"line":47,"column":66}},"23":{"start":{"line":48,"column":25},"end":{"line":48,"column":55}},"24":{"start":{"line":49,"column":8},"end":{"line":49,"column":48}},"25":{"start":{"line":51,"column":8},"end":{"line":54,"column":10}},"26":{"start":{"line":55,"column":8},"end":{"line":55,"column":61}},"27":{"start":{"line":60,"column":19},"end":{"line":60,"column":69}},"28":{"start":{"line":61,"column":4},"end":{"line":68,"column":5}},"29":{"start":{"line":62,"column":6},"end":{"line":67,"column":7}},"30":{"start":{"line":63,"column":8},"end":{"line":66,"column":10}},"31":{"start":{"line":69,"column":4},"end":{"line":69,"column":36}},"32":{"start":{"line":72,"column":4},"end":{"line":82,"column":5}},"33":{"start":{"line":72,"column":17},"end":{"line":72,"column":18}},"34":{"start":{"line":73,"column":6},"end":{"line":81,"column":7}},"35":{"start":{"line":73,"column":19},"end":{"line":73,"column":20}},"36":{"start":{"line":74,"column":28},"end":{"line":74,"column":50}},"37":{"start":{"line":75,"column":8},"end":{"line":80,"column":9}},"38":{"start":{"line":76,"column":10},"end":{"line":79,"column":12}},"39":{"start":{"line":83,"column":4},"end":{"line":83,"column":38}},"40":{"start":{"line":86,"column":22},"end":{"line":86,"column":68}},"41":{"start":{"line":87,"column":23},"end":{"line":87,"column":70}},"42":{"start":{"line":88,"column":22},"end":{"line":88,"column":68}},"43":{"start":{"line":90,"column":4},"end":{"line":99,"column":7}},"44":{"start":{"line":102,"column":4},"end":{"line":102,"column":45}},"45":{"start":{"line":103,"column":4},"end":{"line":103,"column":20}},"46":{"start":{"line":105,"column":4},"end":{"line":105,"column":21}},"47":{"start":{"line":109,"column":0},"end":{"line":109,"column":15}}},"fnMap":{"0":{"name":"seedDatabase","decl":{"start":{"line":15,"column":15},"end":{"line":15,"column":27}},"loc":{"start":{"line":15,"column":30},"end":{"line":107,"column":1}},"line":15}},"branchMap":{"0":{"loc":{"start":{"line":35,"column":4},"end":{"line":37,"column":5}},"type":"if","locations":[{"start":{"line":35,"column":4},"end":{"line":37,"column":5}},{"start":{},"end":{}}],"line":35},"1":{"loc":{"start":{"line":75,"column":8},"end":{"line":80,"column":9}},"type":"if","locations":[{"start":{"line":75,"column":8},"end":{"line":80,"column":9}},{"start":{},"end":{}}],"line":75}},"s":{"0":0,"1":0,"2":0,"3":0,"4":0,"5":0,"6":0,"7":0,"8":0,"9":0,"10":0,"11":0,"12":0,"13":0,"14":0,"15":0,"16":0,"17":0,"18":0,"19":0,"20":0,"21":0,"22":0,"23":0,"24":0,"25":0,"26":0,"27":0,"28":0,"29":0,"30":0,"31":0,"32":0,"33":0,"34":0,"35":0,"36":0,"37":0,"38":0,"39":0,"40":0,"41":0,"42":0,"43":0,"44":0,"45":0,"46":0,"47":0},"f":{"0":0},"b":{"0":[0,0],"1":[0,0]}}
,"/Users/saswati_kar/Desktop/Deb/System-design-practice/System-Design-Practice/chapter-1-minigram/stage-2/scripts/wait-for-db.js": {"path":"/Users/saswati_kar/Desktop/Deb/System-design-practice/System-Design-Practice/chapter-1-minigram/stage-2/scripts/wait-for-db.js","statementMap":{"0":{"start":{"line":1,"column":17},"end":{"line":1,"column":30}},"1":{"start":{"line":2,"column":0},"end":{"line":2,"column":27}},"2":{"start":{"line":4,"column":13},"end":{"line":10,"column":2}},"3":{"start":{"line":13,"column":2},"end":{"line":13,"column":57}},"4":{"start":{"line":15,"column":2},"end":{"line":25,"column":3}},"5":{"start":{"line":15,"column":15},"end":{"line":15,"column":16}},"6":{"start":{"line":16,"column":4},"end":{"line":24,"column":5}},"7":{"start":{"line":17,"column":6},"end":{"line":17,"column":35}},"8":{"start":{"line":18,"column":6},"end":{"line":18,"column":44}},"9":{"start":{"line":19,"column":6},"end":{"line":19,"column":23}},"10":{"start":{"line":20,"column":6},"end":{"line":20,"column":22}},"11":{"start":{"line":22,"column":6},"end":{"line":22,"column":79}},"12":{"start":{"line":23,"column":6},"end":{"line":23,"column":62}},"13":{"start":{"line":23,"column":35},"end":{"line":23,"column":60}},"14":{"start":{"line":27,"column":2},"end":{"line":27,"column":51}},"15":{"start":{"line":28,"column":2},"end":{"line":28,"column":18}},"16":{"start":{"line":31,"column":0},"end":{"line":31,"column":18}}},"fnMap":{"0":{"name":"waitForDatabase","decl":{"start":{"line":12,"column":15},"end":{"line":12,"column":30}},"loc":{"start":{"line":12,"column":45},"end":{"line":29,"column":1}},"line":12},"1":{"name":"(anonymous_1)","decl":{"start":{"line":23,"column":24},"end":{"line":23,"column":25}},"loc":{"start":{"line":23,"column":35},"end":{"line":23,"column":60}},"line":23}},"branchMap":{"0":{"loc":{"start":{"line":12,"column":31},"end":{"line":12,"column":43}},"type":"default-arg","locations":[{"start":{"line":12,"column":41},"end":{"line":12,"column":43}}],"line":12}},"s":{"0":0,"1":0,"2":0,"3":0,"4":0,"5":0,"6":0,"7":0,"8":0,"9":0,"10":0,"11":0,"12":0,"13":0,"14":0,"15":0,"16":0},"f":{"0":0,"1":0},"b":{"0":[0]}}
}
