TN:
SF:server.js
FN:21,(anonymous_0)
FN:22,(anonymous_1)
FN:30,(anonymous_2)
FN:55,(anonymous_3)
FN:59,(anonymous_4)
FN:75,(anonymous_5)
FN:76,(anonymous_6)
FN:85,(anonymous_7)
FN:99,(anonymous_8)
FN:107,(anonymous_9)
FN:117,(anonymous_10)
FN:118,(anonymous_11)
FN:135,(anonymous_12)
FN:152,(anonymous_13)
FN:177,(anonymous_14)
FN:222,(anonymous_15)
FN:268,(anonymous_16)
FN:303,(anonymous_17)
FN:328,(anonymous_18)
FN:341,(anonymous_19)
FN:369,(anonymous_20)
FN:397,(anonymous_21)
FN:400,(anonymous_22)
FN:432,(anonymous_23)
FN:442,(anonymous_24)
FN:447,start
FN:457,(anonymous_26)
FN:483,shutdown
FN:485,(anonymous_28)
FNF:29
FNH:13
FNDA:0,(anonymous_0)
FNDA:0,(anonymous_1)
FNDA:2,(anonymous_2)
FNDA:92,(anonymous_3)
FNDA:92,(anonymous_4)
FNDA:0,(anonymous_5)
FNDA:0,(anonymous_6)
FNDA:0,(anonymous_7)
FNDA:54,(anonymous_8)
FNDA:53,(anonymous_9)
FNDA:1,(anonymous_10)
FNDA:53,(anonymous_11)
FNDA:0,(anonymous_12)
FNDA:3,(anonymous_13)
FNDA:31,(anonymous_14)
FNDA:2,(anonymous_15)
FNDA:0,(anonymous_16)
FNDA:53,(anonymous_17)
FNDA:0,(anonymous_18)
FNDA:0,(anonymous_19)
FNDA:0,(anonymous_20)
FNDA:2,(anonymous_21)
FNDA:107,(anonymous_22)
FNDA:0,(anonymous_23)
FNDA:0,(anonymous_24)
FNDA:0,start
FNDA:0,(anonymous_26)
FNDA:0,shutdown
FNDA:0,(anonymous_28)
DA:1,1
DA:2,1
DA:3,1
DA:4,1
DA:5,1
DA:6,1
DA:7,1
DA:8,1
DA:9,1
DA:10,1
DA:11,1
DA:13,1
DA:14,1
DA:17,1
DA:21,1
DA:22,1
DA:30,1
DA:31,2
DA:35,1
DA:36,1
DA:37,1
DA:40,1
DA:41,1
DA:44,1
DA:55,1
DA:56,92
DA:57,92
DA:59,92
DA:60,92
DA:61,92
DA:62,92
DA:63,0
DA:65,92
DA:66,4
DA:70,92
DA:74,1
DA:75,0
DA:77,0
DA:78,0
DA:82,1
DA:86,0
DA:87,0
DA:88,0
DA:90,0
DA:91,0
DA:93,0
DA:99,1
DA:100,54
DA:101,54
DA:103,54
DA:104,1
DA:107,53
DA:108,53
DA:109,0
DA:111,53
DA:112,53
DA:117,1
DA:118,1
DA:119,53
DA:120,53
DA:123,0
DA:125,0
DA:126,0
DA:127,0
DA:128,0
DA:129,0
DA:131,0
DA:134,0
DA:135,0
DA:136,0
DA:137,0
DA:139,0
DA:142,0
DA:145,0
DA:152,1
DA:153,3
DA:154,3
DA:155,3
DA:157,3
DA:169,0
DA:177,1
DA:178,31
DA:181,31
DA:182,1
DA:187,30
DA:188,30
DA:190,30
DA:195,29
DA:196,29
DA:198,29
DA:204,29
DA:210,1
DA:211,1
DA:212,1
DA:216,0
DA:217,0
DA:222,1
DA:223,2
DA:225,2
DA:226,0
DA:231,2
DA:232,2
DA:237,2
DA:239,2
DA:240,0
DA:243,2
DA:244,2
DA:246,2
DA:247,1
DA:250,1
DA:256,1
DA:262,0
DA:263,0
DA:268,1
DA:269,0
DA:270,0
DA:273,0
DA:275,0
DA:276,0
DA:281,0
DA:282,0
DA:285,0
DA:286,0
DA:289,0
DA:297,0
DA:298,0
DA:303,1
DA:304,53
DA:305,53
DA:307,53
DA:308,53
DA:326,53
DA:328,53
DA:333,53
DA:335,0
DA:336,0
DA:341,1
DA:342,0
DA:344,0
DA:345,0
DA:348,0
DA:349,0
DA:354,0
DA:357,0
DA:358,0
DA:361,0
DA:363,0
DA:364,0
DA:369,1
DA:370,0
DA:372,0
DA:373,0
DA:376,0
DA:377,0
DA:382,0
DA:385,0
DA:386,0
DA:389,0
DA:391,0
DA:392,0
DA:397,1
DA:398,2
DA:399,2
DA:400,107
DA:403,2
DA:432,1
DA:433,0
DA:434,0
DA:435,0
DA:442,1
DA:443,0
DA:448,0
DA:450,0
DA:451,0
DA:454,0
DA:455,0
DA:457,0
DA:458,0
DA:480,0
DA:481,0
DA:484,0
DA:485,0
DA:486,0
DA:487,0
DA:488,0
DA:489,0
DA:493,0
DA:494,0
DA:499,1
DA:502,1
DA:503,0
LF:191
LH:101
BRDA:14,0,0,1
BRDA:14,0,1,0
BRDA:31,1,0,0
BRDA:31,1,1,2
BRDA:62,2,0,0
BRDA:62,2,1,92
BRDA:65,3,0,4
BRDA:65,3,1,88
BRDA:90,4,0,0
BRDA:90,4,1,0
BRDA:90,5,0,0
BRDA:90,5,1,0
BRDA:101,6,0,54
BRDA:101,6,1,53
BRDA:103,7,0,1
BRDA:103,7,1,53
BRDA:108,8,0,0
BRDA:108,8,1,53
BRDA:119,9,0,53
BRDA:119,9,1,0
BRDA:123,10,0,0
BRDA:123,10,1,0
BRDA:127,11,0,0
BRDA:127,11,1,0
BRDA:136,12,0,0
BRDA:136,12,1,0
BRDA:160,13,0,0
BRDA:160,13,1,3
BRDA:181,14,0,1
BRDA:181,14,1,30
BRDA:181,15,0,31
BRDA:181,15,1,31
BRDA:181,15,2,30
BRDA:211,16,0,1
BRDA:211,16,1,0
BRDA:225,17,0,0
BRDA:225,17,1,2
BRDA:225,18,0,2
BRDA:225,18,1,2
BRDA:239,19,0,0
BRDA:239,19,1,2
BRDA:246,20,0,1
BRDA:246,20,1,1
BRDA:269,21,0,0
BRDA:269,21,1,0
BRDA:278,22,0,0
BRDA:278,22,1,0
BRDA:285,23,0,0
BRDA:285,23,1,0
BRDA:304,24,0,53
BRDA:304,24,1,53
BRDA:305,25,0,53
BRDA:305,25,1,53
BRDA:344,26,0,0
BRDA:344,26,1,0
BRDA:344,27,0,0
BRDA:344,27,1,0
BRDA:357,28,0,0
BRDA:357,28,1,0
BRDA:372,29,0,0
BRDA:372,29,1,0
BRDA:372,30,0,0
BRDA:372,30,1,0
BRDA:385,31,0,0
BRDA:385,31,1,0
BRDA:399,32,0,2
BRDA:399,32,1,0
BRDA:409,33,0,2
BRDA:409,33,1,0
BRDA:418,34,0,0
BRDA:418,34,1,2
BRDA:437,35,0,0
BRDA:437,35,1,0
BRDA:450,36,0,0
BRDA:450,36,1,0
BRDA:502,37,0,0
BRDA:502,37,1,1
BRF:77
BRH:32
end_of_record
TN:
SF:db/pool.js
FN:18,(anonymous_0)
FN:22,(anonymous_1)
FNF:2
FNH:1
FNDA:6,(anonymous_0)
FNDA:0,(anonymous_1)
DA:1,1
DA:2,1
DA:5,1
DA:18,1
DA:19,6
DA:22,1
DA:23,0
DA:26,1
LF:8
LH:7
BRDA:11,0,0,1
BRDA:11,0,1,0
BRDA:12,1,0,1
BRDA:12,1,1,0
BRF:4
BRH:2
end_of_record
TN:
SF:scripts/init-db.js
FN:4,initDatabase
FNF:1
FNH:0
FNDA:0,initDatabase
DA:1,0
DA:2,0
DA:6,0
DA:14,0
DA:16,0
DA:21,0
DA:23,0
DA:24,0
DA:27,0
DA:31,0
DA:39,0
DA:41,0
DA:102,0
DA:103,0
DA:104,0
DA:106,0
DA:107,0
DA:109,0
DA:113,0
LF:19
LH:0
BRDA:23,0,0,0
BRDA:23,0,1,0
BRF:2
BRH:0
end_of_record
TN:
SF:scripts/seed-db.js
FN:15,seedDatabase
FNF:1
FNH:0
FNDA:0,seedDatabase
DA:1,0
DA:2,0
DA:3,0
DA:4,0
DA:5,0
DA:7,0
DA:16,0
DA:18,0
DA:20,0
DA:23,0
DA:24,0
DA:25,0
DA:26,0
DA:30,0
DA:31,0
DA:35,0
DA:36,0
DA:40,0
DA:45,0
DA:46,0
DA:47,0
DA:48,0
DA:49,0
DA:51,0
DA:55,0
DA:60,0
DA:61,0
DA:62,0
DA:63,0
DA:69,0
DA:72,0
DA:73,0
DA:74,0
DA:75,0
DA:76,0
DA:83,0
DA:86,0
DA:87,0
DA:88,0
DA:90,0
DA:102,0
DA:103,0
DA:105,0
DA:109,0
LF:44
LH:0
BRDA:35,0,0,0
BRDA:35,0,1,0
BRDA:75,1,0,0
BRDA:75,1,1,0
BRF:4
BRH:0
end_of_record
TN:
SF:scripts/wait-for-db.js
FN:12,waitForDatabase
FN:23,(anonymous_1)
FNF:2
FNH:0
FNDA:0,waitForDatabase
FNDA:0,(anonymous_1)
DA:1,0
DA:2,0
DA:4,0
DA:13,0
DA:15,0
DA:16,0
DA:17,0
DA:18,0
DA:19,0
DA:20,0
DA:22,0
DA:23,0
DA:27,0
DA:28,0
DA:31,0
LF:15
LH:0
BRDA:12,0,0,0
BRF:1
BRH:0
end_of_record
